#
# There is insufficient memory for the Java Runtime Environment to continue.
# Native memory allocation (malloc) failed to allocate 1048576 bytes for AllocateHeap
# Possible reasons:
#   The system is out of physical RAM or swap space
#   The process is running with CompressedOops enabled, and the Java Heap may be blocking the growth of the native heap
# Possible solutions:
#   Reduce memory load on the system
#   Increase physical memory or swap space
#   Check if swap backing store is full
#   Decrease Java heap size (-Xmx/-Xms)
#   Decrease number of Java threads
#

2 cores, 3G,  Windows 7 , 64 bit Build 7601 (6.1.7601.23915)
Time: Fri Jul 24 15:24:28 2020 Aaea?onu (ceia) elapsed time: 45 seconds (0d 0h 0m 45s)

---------------  T H R E A D  ---------------

Current thread (0x000000005f491800):  VMThread "VM Thread" [stack: 0x000000005f730000,0x000000005f830000] [id=1568]

Stack: [0x000000005f730000,0x000000005f830000]
[error occurred during error reporting (printing stack bounds), id 0xc0000005, EXCEPTION_ACCESS_VIOLATION (0xc0000005) at pc=0x000000000a7e0bbe]

Native frames: (J=compiled Java code, j=interpreted, Vv=VM code, C=native code)
V  [jvm.dll+0x63adaa]
V  [jvm.dll+0x77852f]
V  [jvm.dll+0x779b18]
V  [jvm.dll+0x77a135]
V  [jvm.dll+0x77a0eb]
V  [jvm.dll+0x63a4a6]
V  [jvm.dll+0x63a878]
C  [ntdll.dll+0x2812d]
C  [ntdll.dll+0x1855f]
C  [ntdll.dll+0x4bcb8]
C  0x000000000a7e0bbe

VM_Operation (0x000000006549c110): CollectForMetadataAllocation, mode: safepoint, requested by thread 0x0000000062b43800


---------------  P R O C E S S  ---------------

Threads class SMR info:
_java_thread_list=0x0000000062b39f90, length=23, elements={
0x0000000000165800, 0x000000005f495800, 0x000000005f4e0800, 0x000000005f4ef000,
0x000000005f4f0000, 0x000000005f4f4000, 0x000000005f4fb000, 0x000000005f481000,
0x0000000060041000, 0x0000000060042800, 0x000000006004b000, 0x000000006036e000,
0x0000000060f96000, 0x0000000060ff5800, 0x000000006113b000, 0x00000000613cf800,
0x00000000613c9000, 0x00000000611fc000, 0x00000000611fd800, 0x00000000611ff800,
0x00000000612c8000, 0x0000000060ef0800, 0x0000000062b43800
}

Java Threads: ( => current thread )
  0x0000000000165800 JavaThread "main" [_thread_blocked, id=3020, stack(0x0000000002060000,0x0000000002160000)]
  0x000000005f495800 JavaThread "Reference Handler" daemon [_thread_blocked, id=5760, stack(0x000000005f990000,0x000000005fa90000)]
  0x000000005f4e0800 JavaThread "Finalizer" daemon [_thread_blocked, id=5580, stack(0x000000005fb20000,0x000000005fc20000)]
  0x000000005f4ef000 JavaThread "Signal Dispatcher" daemon [_thread_blocked, id=5584, stack(0x000000005fd20000,0x000000005fe20000)]
  0x000000005f4f0000 JavaThread "Attach Listener" daemon [_thread_blocked, id=5020, stack(0x000000005f610000,0x000000005f710000)]
  0x000000005f4f4000 JavaThread "C1 CompilerThread0" daemon [_thread_blocked, id=4944, stack(0x000000005fe70000,0x000000005ff70000)]
  0x000000005f4fb000 JavaThread "Sweeper thread" daemon [_thread_blocked, id=4296, stack(0x000000005f840000,0x000000005f940000)]
  0x000000005f481000 JavaThread "Common-Cleaner" daemon [_thread_blocked, id=3528, stack(0x0000000060450000,0x0000000060550000)]
  0x0000000060041000 JavaThread "JDWP Transport Listener: dt_socket" daemon [_thread_blocked, id=5184, stack(0x00000000607e0000,0x00000000608e0000)]
  0x0000000060042800 JavaThread "JDWP Event Helper Thread" daemon [_thread_blocked, id=4588, stack(0x00000000608e0000,0x00000000609e0000)]
  0x000000006004b000 JavaThread "JDWP Command Reader" daemon [_thread_in_native, id=3652, stack(0x0000000060ae0000,0x0000000060be0000)]
  0x000000006036e000 JavaThread "Service Thread" daemon [_thread_blocked, id=4148, stack(0x00000000605c0000,0x00000000606c0000)]
  0x0000000060f96000 JavaThread "RMI TCP Accept-0" daemon [_thread_in_native, id=4256, stack(0x0000000061740000,0x0000000061840000)]
  0x0000000060ff5800 JavaThread "RMI TCP Connection(1)-10.50.0.70" daemon [_thread_blocked, id=1072, stack(0x0000000062140000,0x0000000062240000)]
  0x000000006113b000 JavaThread "RMI Scheduler(0)" daemon [_thread_blocked, id=4076, stack(0x00000000624b0000,0x00000000625b0000)]
  0x00000000613cf800 JavaThread "Thread-0" [_thread_blocked, id=4440, stack(0x0000000061dd0000,0x0000000061ed0000)]
  0x00000000613c9000 JavaThread "restartedMain" [_thread_blocked, id=4184, stack(0x00000000636b0000,0x00000000637b0000)]
  0x00000000611fc000 JavaThread "Catalina-utility-1" [_thread_blocked, id=5492, stack(0x00000000642f0000,0x00000000643f0000)]
  0x00000000611fd800 JavaThread "Catalina-utility-2" [_thread_blocked, id=5560, stack(0x0000000064e60000,0x0000000064f60000)]
  0x00000000611ff800 JavaThread "container-0" [_thread_blocked, id=3016, stack(0x0000000065080000,0x0000000065180000)]
  0x00000000612c8000 JavaThread "PostgreSQL-JDBC-SharedTimer-1" daemon [_thread_blocked, id=4956, stack(0x0000000061520000,0x0000000061620000)]
  0x0000000060ef0800 JavaThread "HikariPool-1 housekeeper" daemon [_thread_blocked, id=5608, stack(0x00000000651d0000,0x00000000652d0000)]
  0x0000000062b43800 JavaThread "HikariPool-1 connection adder" daemon [_thread_blocked, id=6004, stack(0x00000000653a0000,0x00000000654a0000)]

Other Threads:
=>0x000000005f491800 VMThread "VM Thread" [stack: 0x000000005f730000,0x000000005f830000] [id=1568]
  0x0000000060f9a800 WatcherThread [stack: 0x00000000606d0000,0x00000000607d0000] [id=4412]
  0x0000000000179800 GCTaskThread "GC Thread#0" [stack: 0x0000000019aa0000,0x0000000019ba0000] [id=4388]
  0x0000000060d96800 GCTaskThread "GC Thread#1" [stack: 0x0000000061400000,0x0000000061500000] [id=5092]
  0x0000000000193800 ConcurrentGCThread "G1 Main Marker" [stack: 0x000000001c4a0000,0x000000001c5a0000] [id=3688]
  0x0000000000196000 ConcurrentGCThread "G1 Conc#0" [stack: 0x000000001c630000,0x000000001c730000] [id=5244]
  0x00000000001dd800 ConcurrentGCThread "G1 Refine#0" [stack: 0x000000001e8c0000,0x000000001e9c0000] [id=4852]
  0x00000000001de800 ConcurrentGCThread "G1 Young RemSet Sampling" [stack: 0x000000001eb00000,0x000000001ec00000] [id=5836]

Threads with active compile tasks:

VM state:at safepoint (normal execution)

VM Mutex/Monitor currently owned by a thread:  ([mutex/lock_event])
[0x0000000000162a70] Threads_lock - owner thread: 0x000000005f491800
[0x00000000001631c0] Heap_lock - owner thread: 0x0000000062b43800

Heap address: 0x00000000c1c00000, size: 996 MB, Compressed Oops mode: 32-bit
Narrow klass base: 0x0000000000000000, Narrow klass shift: 0
Compressed class space size: 1073741824 Address: 0x000000001ec00000

Heap:
 garbage-first heap   total 78848K, used 17940K [0x00000000c1c00000, 0x0000000100000000)
  region size 1024K, 3 young (3072K), 3 survivors (3072K)
 Metaspace       used 39000K, capacity 40327K, committed 40444K, reserved 1093632K
  class space    used 4834K, capacity 5399K, committed 5504K, reserved 1048576K
Heap Regions: E=young(eden), S=young(survivor), O=old, HS=humongous(starts), HC=humongous(continues), CS=collection set, F=free, A=archive, TAMS=top-at-mark-start (previous, next)
|   0|0x00000000c1c00000, 0x00000000c1d00000, 0x00000000c1d00000|100%|HS|  |TAMS 0x00000000c1d00000, 0x00000000c1d00000| Complete 
|   1|0x00000000c1d00000, 0x00000000c1e00000, 0x00000000c1e00000|100%| O|  |TAMS 0x00000000c1e00000, 0x00000000c1e00000| Untracked 
|   2|0x00000000c1e00000, 0x00000000c1f00000, 0x00000000c1f00000|100%| O|  |TAMS 0x00000000c1f00000, 0x00000000c1f00000| Untracked 
|   3|0x00000000c1f00000, 0x00000000c2000000, 0x00000000c2000000|100%| O|  |TAMS 0x00000000c2000000, 0x00000000c2000000| Untracked 
|   4|0x00000000c2000000, 0x00000000c2100000, 0x00000000c2100000|100%| O|  |TAMS 0x00000000c2100000, 0x00000000c2100000| Untracked 
|   5|0x00000000c2100000, 0x00000000c2200000, 0x00000000c2200000|100%| O|  |TAMS 0x00000000c2200000, 0x00000000c2200000| Untracked 
|   6|0x00000000c2200000, 0x00000000c2300000, 0x00000000c2300000|100%| O|  |TAMS 0x00000000c2300000, 0x00000000c2300000| Untracked 
|   7|0x00000000c2300000, 0x00000000c2400000, 0x00000000c2400000|100%| O|  |TAMS 0x00000000c2400000, 0x00000000c2400000| Untracked 
|   8|0x00000000c2400000, 0x00000000c2500000, 0x00000000c2500000|100%| O|  |TAMS 0x00000000c2500000, 0x00000000c2500000| Untracked 
|   9|0x00000000c2500000, 0x00000000c2600000, 0x00000000c2600000|100%| O|  |TAMS 0x00000000c2600000, 0x00000000c2600000| Untracked 
|  10|0x00000000c2600000, 0x00000000c2700000, 0x00000000c2700000|100%| O|  |TAMS 0x00000000c2700000, 0x00000000c2700000| Untracked 
|  11|0x00000000c2700000, 0x00000000c2800000, 0x00000000c2800000|100%| O|  |TAMS 0x00000000c2800000, 0x00000000c2800000| Untracked 
|  12|0x00000000c2800000, 0x00000000c2900000, 0x00000000c2900000|100%| O|  |TAMS 0x00000000c286e400, 0x00000000c2900000| Untracked 
|  13|0x00000000c2900000, 0x00000000c2a00000, 0x00000000c2a00000|100%| O|  |TAMS 0x00000000c2900000, 0x00000000c2a00000| Untracked 
|  14|0x00000000c2a00000, 0x00000000c2a85000, 0x00000000c2b00000| 51%| O|  |TAMS 0x00000000c2a00000, 0x00000000c2a85000| Untracked 
|  15|0x00000000c2b00000, 0x00000000c2b00000, 0x00000000c2c00000|  0%| F|  |TAMS 0x00000000c2b00000, 0x00000000c2b00000| Untracked 
|  16|0x00000000c2c00000, 0x00000000c2c00000, 0x00000000c2d00000|  0%| F|  |TAMS 0x00000000c2c00000, 0x00000000c2c00000| Untracked 
|  17|0x00000000c2d00000, 0x00000000c2d00000, 0x00000000c2e00000|  0%| F|  |TAMS 0x00000000c2d00000, 0x00000000c2d00000| Untracked 
|  18|0x00000000c2e00000, 0x00000000c2e00000, 0x00000000c2f00000|  0%| F|  |TAMS 0x00000000c2e00000, 0x00000000c2e00000| Untracked 
|  19|0x00000000c2f00000, 0x00000000c2f00000, 0x00000000c3000000|  0%| F|  |TAMS 0x00000000c2f00000, 0x00000000c2f00000| Untracked 
|  20|0x00000000c3000000, 0x00000000c3000000, 0x00000000c3100000|  0%| F|  |TAMS 0x00000000c3000000, 0x00000000c3000000| Untracked 
|  21|0x00000000c3100000, 0x00000000c3100000, 0x00000000c3200000|  0%| F|  |TAMS 0x00000000c3100000, 0x00000000c3100000| Untracked 
|  22|0x00000000c3200000, 0x00000000c3200000, 0x00000000c3300000|  0%| F|  |TAMS 0x00000000c3200000, 0x00000000c3200000| Untracked 
|  23|0x00000000c3300000, 0x00000000c3300000, 0x00000000c3400000|  0%| F|  |TAMS 0x00000000c3300000, 0x00000000c3300000| Untracked 
|  24|0x00000000c3400000, 0x00000000c3400000, 0x00000000c3500000|  0%| F|  |TAMS 0x00000000c3400000, 0x00000000c3400000| Untracked 
|  25|0x00000000c3500000, 0x00000000c3500000, 0x00000000c3600000|  0%| F|  |TAMS 0x00000000c3500000, 0x00000000c3500000| Untracked 
|  26|0x00000000c3600000, 0x00000000c3600000, 0x00000000c3700000|  0%| F|  |TAMS 0x00000000c3600000, 0x00000000c3600000| Untracked 
|  27|0x00000000c3700000, 0x00000000c3700000, 0x00000000c3800000|  0%| F|  |TAMS 0x00000000c3700000, 0x00000000c3700000| Untracked 
|  28|0x00000000c3800000, 0x00000000c3800000, 0x00000000c3900000|  0%| F|  |TAMS 0x00000000c3800000, 0x00000000c3800000| Untracked 
|  29|0x00000000c3900000, 0x00000000c3900000, 0x00000000c3a00000|  0%| F|  |TAMS 0x00000000c3900000, 0x00000000c3900000| Untracked 
|  30|0x00000000c3a00000, 0x00000000c3a00000, 0x00000000c3b00000|  0%| F|  |TAMS 0x00000000c3a00000, 0x00000000c3a00000| Untracked 
|  31|0x00000000c3b00000, 0x00000000c3b00000, 0x00000000c3c00000|  0%| F|  |TAMS 0x00000000c3b00000, 0x00000000c3b00000| Untracked 
|  32|0x00000000c3c00000, 0x00000000c3c00000, 0x00000000c3d00000|  0%| F|  |TAMS 0x00000000c3c00000, 0x00000000c3c00000| Untracked 
|  33|0x00000000c3d00000, 0x00000000c3d00000, 0x00000000c3e00000|  0%| F|  |TAMS 0x00000000c3d00000, 0x00000000c3d00000| Untracked 
|  34|0x00000000c3e00000, 0x00000000c3e00000, 0x00000000c3f00000|  0%| F|  |TAMS 0x00000000c3e00000, 0x00000000c3e00000| Untracked 
|  35|0x00000000c3f00000, 0x00000000c3f00000, 0x00000000c4000000|  0%| F|  |TAMS 0x00000000c3f00000, 0x00000000c3f00000| Untracked 
|  36|0x00000000c4000000, 0x00000000c4000000, 0x00000000c4100000|  0%| F|  |TAMS 0x00000000c4000000, 0x00000000c4000000| Untracked 
|  37|0x00000000c4100000, 0x00000000c4100000, 0x00000000c4200000|  0%| F|  |TAMS 0x00000000c4100000, 0x00000000c4100000| Untracked 
|  38|0x00000000c4200000, 0x00000000c4200000, 0x00000000c4300000|  0%| F|  |TAMS 0x00000000c4200000, 0x00000000c4200000| Untracked 
|  39|0x00000000c4300000, 0x00000000c4300000, 0x00000000c4400000|  0%| F|  |TAMS 0x00000000c4300000, 0x00000000c4300000| Untracked 
|  40|0x00000000c4400000, 0x00000000c4400000, 0x00000000c4500000|  0%| F|  |TAMS 0x00000000c4400000, 0x00000000c4400000| Untracked 
|  41|0x00000000c4500000, 0x00000000c4500000, 0x00000000c4600000|  0%| F|  |TAMS 0x00000000c4500000, 0x00000000c4500000| Untracked 
|  42|0x00000000c4600000, 0x00000000c4600000, 0x00000000c4700000|  0%| F|  |TAMS 0x00000000c4600000, 0x00000000c4600000| Untracked 
|  43|0x00000000c4700000, 0x00000000c4700000, 0x00000000c4800000|  0%| F|  |TAMS 0x00000000c4700000, 0x00000000c4700000| Untracked 
|  44|0x00000000c4800000, 0x00000000c4800000, 0x00000000c4900000|  0%| F|  |TAMS 0x00000000c4800000, 0x00000000c4800000| Untracked 
|  45|0x00000000c4900000, 0x00000000c4900000, 0x00000000c4a00000|  0%| F|  |TAMS 0x00000000c4900000, 0x00000000c4900000| Untracked 
|  46|0x00000000c4a00000, 0x00000000c4a00000, 0x00000000c4b00000|  0%| F|  |TAMS 0x00000000c4a00000, 0x00000000c4a00000| Untracked 
|  47|0x00000000c4b00000, 0x00000000c4b00000, 0x00000000c4c00000|  0%| F|  |TAMS 0x00000000c4b00000, 0x00000000c4b00000| Untracked 
|  48|0x00000000c4c00000, 0x00000000c4c00000, 0x00000000c4d00000|  0%| F|  |TAMS 0x00000000c4c00000, 0x00000000c4c00000| Untracked 
|  49|0x00000000c4d00000, 0x00000000c4d00000, 0x00000000c4e00000|  0%| F|  |TAMS 0x00000000c4d00000, 0x00000000c4d00000| Untracked 
|  50|0x00000000c4e00000, 0x00000000c4e00000, 0x00000000c4f00000|  0%| F|  |TAMS 0x00000000c4e00000, 0x00000000c4e00000| Untracked 
|  51|0x00000000c4f00000, 0x00000000c4f00000, 0x00000000c5000000|  0%| F|  |TAMS 0x00000000c4f00000, 0x00000000c4f00000| Untracked 
|  52|0x00000000c5000000, 0x00000000c5000000, 0x00000000c5100000|  0%| F|  |TAMS 0x00000000c5000000, 0x00000000c5000000| Untracked 
|  53|0x00000000c5100000, 0x00000000c5100000, 0x00000000c5200000|  0%| F|  |TAMS 0x00000000c5100000, 0x00000000c5100000| Untracked 
|  54|0x00000000c5200000, 0x00000000c5200000, 0x00000000c5300000|  0%| F|  |TAMS 0x00000000c5200000, 0x00000000c5200000| Untracked 
|  55|0x00000000c5300000, 0x00000000c5300000, 0x00000000c5400000|  0%| F|  |TAMS 0x00000000c5300000, 0x00000000c5300000| Untracked 
|  56|0x00000000c5400000, 0x00000000c5400000, 0x00000000c5500000|  0%| F|  |TAMS 0x00000000c5400000, 0x00000000c5400000| Untracked 
|  57|0x00000000c5500000, 0x00000000c5500000, 0x00000000c5600000|  0%| F|  |TAMS 0x00000000c5500000, 0x00000000c5500000| Untracked 
|  58|0x00000000c5600000, 0x00000000c5600000, 0x00000000c5700000|  0%| F|  |TAMS 0x00000000c5600000, 0x00000000c5600000| Untracked 
|  59|0x00000000c5700000, 0x00000000c5700000, 0x00000000c5800000|  0%| F|  |TAMS 0x00000000c5700000, 0x00000000c5700000| Untracked 
|  60|0x00000000c5800000, 0x00000000c5800000, 0x00000000c5900000|  0%| F|  |TAMS 0x00000000c5800000, 0x00000000c5800000| Untracked 
|  61|0x00000000c5900000, 0x00000000c5900000, 0x00000000c5a00000|  0%| F|  |TAMS 0x00000000c5900000, 0x00000000c5900000| Untracked 
|  62|0x00000000c5a00000, 0x00000000c5b00000, 0x00000000c5b00000|100%| S|CS|TAMS 0x00000000c5a00000, 0x00000000c5a00000| Complete 
|  63|0x00000000c5b00000, 0x00000000c5c00000, 0x00000000c5c00000|100%| S|CS|TAMS 0x00000000c5b00000, 0x00000000c5b00000| Complete 
|  64|0x00000000c5c00000, 0x00000000c5d00000, 0x00000000c5d00000|100%| S|CS|TAMS 0x00000000c5c00000, 0x00000000c5c00000| Complete 
|  65|0x00000000c5d00000, 0x00000000c5d00000, 0x00000000c5e00000|  0%| F|  |TAMS 0x00000000c5d00000, 0x00000000c5d00000| Untracked 
|  66|0x00000000c5e00000, 0x00000000c5e00000, 0x00000000c5f00000|  0%| F|  |TAMS 0x00000000c5e00000, 0x00000000c5e00000| Untracked 
|  67|0x00000000c5f00000, 0x00000000c5f00000, 0x00000000c6000000|  0%| F|  |TAMS 0x00000000c5f00000, 0x00000000c5f00000| Untracked 
|  68|0x00000000c6000000, 0x00000000c6000000, 0x00000000c6100000|  0%| F|  |TAMS 0x00000000c6000000, 0x00000000c6000000| Untracked 
|  69|0x00000000c6100000, 0x00000000c6100000, 0x00000000c6200000|  0%| F|  |TAMS 0x00000000c6100000, 0x00000000c6100000| Untracked 
|  70|0x00000000c6200000, 0x00000000c6200000, 0x00000000c6300000|  0%| F|  |TAMS 0x00000000c6200000, 0x00000000c6200000| Untracked 
|  71|0x00000000c6300000, 0x00000000c6300000, 0x00000000c6400000|  0%| F|  |TAMS 0x00000000c6300000, 0x00000000c6300000| Untracked 
|  72|0x00000000c6400000, 0x00000000c6400000, 0x00000000c6500000|  0%| F|  |TAMS 0x00000000c6400000, 0x00000000c6400000| Untracked 
|  73|0x00000000c6500000, 0x00000000c6500000, 0x00000000c6600000|  0%| F|  |TAMS 0x00000000c6500000, 0x00000000c6500000| Untracked 
|  74|0x00000000c6600000, 0x00000000c6600000, 0x00000000c6700000|  0%| F|  |TAMS 0x00000000c6600000, 0x00000000c6600000| Untracked 
|  75|0x00000000c6700000, 0x00000000c6700000, 0x00000000c6800000|  0%| F|  |TAMS 0x00000000c6700000, 0x00000000c6700000| Untracked 
|  76|0x00000000c6800000, 0x00000000c6800000, 0x00000000c6900000|  0%| F|  |TAMS 0x00000000c6800000, 0x00000000c6800000| Untracked 

Card table byte_map: [0x0000000019fc0000,0x000000001a1c0000] _byte_map_base: 0x00000000199b2000

Marking Bits (Prev, Next): (CMBitMap*) 0x000000000018ee58, (CMBitMap*) 0x000000000018ee90
 Prev Bits: [0x000000001a3c0000, 0x000000001b350000)
 Next Bits: [0x000000001b350000, 0x000000001c2e0000)

Polling page: 0x0000000000330000

Metaspace:

Usage:
  Non-class:     34.11 MB capacity,    33.36 MB ( 98%) used,   614.77 KB (  2%) free+waste,   147.69 KB ( <1%) overhead. 
      Class:      5.27 MB capacity,     4.72 MB ( 90%) used,   492.23 KB (  9%) free+waste,    72.25 KB (  1%) overhead. 
       Both:     39.38 MB capacity,    38.09 MB ( 97%) used,     1.08 MB (  3%) free+waste,   219.94 KB ( <1%) overhead. 

Virtual space:
  Non-class space:       44.00 MB reserved,      34.12 MB ( 78%) committed 
      Class space:        1.00 GB reserved,       5.38 MB ( <1%) committed 
             Both:        1.04 GB reserved,      39.50 MB (  4%) committed 

Chunk freelists:
   Non-Class:  1.50 KB
       Class:  1.13 KB
        Both:  2.63 KB

CodeHeap 'non-profiled nmethods': size=239488Kb used=6986Kb max_used=6986Kb free=232501Kb
 bounds [0x000000000ae00000, 0x000000000b4e0000, 0x00000000197e0000]
CodeHeap 'non-nmethods': size=6272Kb used=1238Kb max_used=1794Kb free=5033Kb
 bounds [0x000000000a7e0000, 0x000000000aa50000, 0x000000000ae00000]
 total_blobs=4594 nmethods=4053 adapters=439
 compilation: enabled
              stopped_count=0, restarted_count=0
 full_count=0

Compilation events (10 events):
Event: 44.972 Thread 0x000000005f4f4000 4068       1       sun.rmi.transport.StreamRemoteCall::<init> (30 bytes)
Event: 44.972 Thread 0x000000005f4f4000 nmethod 4068 0x000000000b4d1310 code [0x000000000b4d14c0, 0x000000000b4d16b8]
Event: 45.422 Thread 0x000000005f4f4000 4069       1       java.nio.charset.Charset::forName (20 bytes)
Event: 45.422 Thread 0x000000005f4f4000 nmethod 4069 0x000000000b4d1710 code [0x000000000b4d18e0, 0x000000000b4d1a80]
Event: 45.479 Thread 0x000000005f4f4000 4070       1       java.util.ArrayList::fastRemove (44 bytes)
Event: 45.480 Thread 0x000000005f4f4000 nmethod 4070 0x000000000b4d1b90 code [0x000000000b4d1d60, 0x000000000b4d1fd0]
Event: 45.602 Thread 0x000000005f4f4000 4071       1       sun.nio.cs.ext.AbstractCharsetProvider::put (20 bytes)
Event: 45.602 Thread 0x000000005f4f4000 nmethod 4071 0x000000000b4d2110 code [0x000000000b4d22e0, 0x000000000b4d2480]
Event: 45.606 Thread 0x000000005f4f4000 4072       1       java.util.Arrays::copyOf (19 bytes)
Event: 45.607 Thread 0x000000005f4f4000 nmethod 4072 0x000000000b4d2510 code [0x000000000b4d26c0, 0x000000000b4d2910]

GC Heap History (10 events):
Event: 36.408 GC heap before
{Heap before GC invocations=13 (full 0):
 garbage-first heap   total 65536K, used 30353K [0x00000000c1c00000, 0x0000000100000000)
  region size 1024K, 21 young (21504K), 5 survivors (5120K)
 Metaspace       used 34335K, capacity 35581K, committed 35708K, reserved 1081344K
  class space    used 4336K, capacity 4841K, committed 4864K, reserved 1048576K
}
Event: 36.431 GC heap after
{Heap after GC invocations=14 (full 0):
 garbage-first heap   total 65536K, used 15801K [0x00000000c1c00000, 0x0000000100000000)
  region size 1024K, 3 young (3072K), 3 survivors (3072K)
 Metaspace       used 34335K, capacity 35581K, committed 35708K, reserved 1081344K
  class space    used 4336K, capacity 4841K, committed 4864K, reserved 1048576K
}
Event: 36.971 GC heap before
{Heap before GC invocations=15 (full 0):
 garbage-first heap   total 65536K, used 49593K [0x00000000c1c00000, 0x0000000100000000)
  region size 1024K, 37 young (37888K), 3 survivors (3072K)
 Metaspace       used 35411K, capacity 36681K, committed 36860K, reserved 1081344K
  class space    used 4444K, capacity 4973K, committed 4992K, reserved 1048576K
}
Event: 36.988 GC heap after
{Heap after GC invocations=16 (full 0):
 garbage-first heap   total 65536K, used 16850K [0x00000000c1c00000, 0x0000000100000000)
  region size 1024K, 2 young (2048K), 2 survivors (2048K)
 Metaspace       used 35411K, capacity 36681K, committed 36860K, reserved 1081344K
  class space    used 4444K, capacity 4973K, committed 4992K, reserved 1048576K
}
Event: 37.268 GC heap before
{Heap before GC invocations=16 (full 0):
 garbage-first heap   total 65536K, used 49618K [0x00000000c1c00000, 0x0000000100000000)
  region size 1024K, 35 young (35840K), 2 survivors (2048K)
 Metaspace       used 35856K, capacity 37180K, committed 37500K, reserved 1081344K
  class space    used 4481K, capacity 5011K, committed 5120K, reserved 1048576K
}
Event: 37.280 GC heap after
{Heap after GC invocations=17 (full 0):
 garbage-first heap   total 78848K, used 16916K [0x00000000c1c00000, 0x0000000100000000)
  region size 1024K, 2 young (2048K), 2 survivors (2048K)
 Metaspace       used 35856K, capacity 37180K, committed 37500K, reserved 1081344K
  class space    used 4481K, capacity 5011K, committed 5120K, reserved 1048576K
}
Event: 38.734 GC heap before
{Heap before GC invocations=17 (full 0):
 garbage-first heap   total 78848K, used 54804K [0x00000000c1c00000, 0x0000000100000000)
  region size 1024K, 40 young (40960K), 2 survivors (2048K)
 Metaspace       used 37129K, capacity 38462K, committed 38652K, reserved 1083392K
  class space    used 4662K, capacity 5204K, committed 5248K, reserved 1048576K
}
Event: 38.748 GC heap after
{Heap after GC invocations=18 (full 0):
 garbage-first heap   total 78848K, used 17528K [0x00000000c1c00000, 0x0000000100000000)
  region size 1024K, 3 young (3072K), 3 survivors (3072K)
 Metaspace       used 37129K, capacity 38462K, committed 38652K, reserved 1083392K
  class space    used 4662K, capacity 5204K, committed 5248K, reserved 1048576K
}
Event: 45.628 GC heap before
{Heap before GC invocations=18 (full 0):
 garbage-first heap   total 78848K, used 27768K [0x00000000c1c00000, 0x0000000100000000)
  region size 1024K, 15 young (15360K), 3 survivors (3072K)
 Metaspace       used 39000K, capacity 40327K, committed 40444K, reserved 1091584K
  class space    used 4834K, capacity 5399K, committed 5504K, reserved 1048576K
}
Event: 45.644 GC heap after
{Heap after GC invocations=19 (full 0):
 garbage-first heap   total 78848K, used 17940K [0x00000000c1c00000, 0x0000000100000000)
  region size 1024K, 3 young (3072K), 3 survivors (3072K)
 Metaspace       used 39000K, capacity 40327K, committed 40444K, reserved 1091584K
  class space    used 4834K, capacity 5399K, committed 5504K, reserved 1048576K
}

Deoptimization events (0 events):
No events

Classes redefined (0 events):
No events

Internal exceptions (10 events):
Event: 38.236 Thread 0x00000000613c9000 Exception <a 'java/lang/NullPointerException'{0x00000000c47c6790}> (0x00000000c47c6790) thrown at [t:/workspace/open/src/hotspot/share/runtime/sharedRuntime.cpp, line 584]
Event: 38.236 Thread 0x00000000613c9000 Implicit null exception at 0x000000000b1478fd to 0x000000000b147be0
Event: 38.236 Thread 0x00000000613c9000 Exception <a 'java/lang/NullPointerException'{0x00000000c47c7630}> (0x00000000c47c7630) thrown at [t:/workspace/open/src/hotspot/share/runtime/sharedRuntime.cpp, line 584]
Event: 38.236 Thread 0x00000000613c9000 Implicit null exception at 0x000000000b1478fd to 0x000000000b147be0
Event: 38.237 Thread 0x00000000613c9000 Exception <a 'java/lang/NullPointerException'{0x00000000c47c84d0}> (0x00000000c47c84d0) thrown at [t:/workspace/open/src/hotspot/share/runtime/sharedRuntime.cpp, line 584]
Event: 38.237 Thread 0x00000000613c9000 Implicit null exception at 0x000000000b1478fd to 0x000000000b147be0
Event: 38.237 Thread 0x00000000613c9000 Exception <a 'java/lang/NullPointerException'{0x00000000c47c9358}> (0x00000000c47c9358) thrown at [t:/workspace/open/src/hotspot/share/runtime/sharedRuntime.cpp, line 584]
Event: 38.237 Thread 0x00000000613c9000 Implicit null exception at 0x000000000b1478fd to 0x000000000b147be0
Event: 38.237 Thread 0x00000000613c9000 Exception <a 'java/lang/NullPointerException'{0x00000000c47ca190}> (0x00000000c47ca190) thrown at [t:/workspace/open/src/hotspot/share/runtime/sharedRuntime.cpp, line 584]
Event: 38.295 Thread 0x00000000613c9000 Exception <a 'java/lang/NoSuchMethodError'{0x00000000c4552f10}: java.lang.invoke.DirectMethodHandle$Holder.invokeVirtual(Ljava/lang/Object;Ljava/lang/Object;I)Ljava/lang/Object;> (0x00000000c4552f10) thrown at [t:/workspace/open/src/hotspot/share/interpre

Events (10 events):
Event: 45.457 loading class java/nio/charset/Charset$ExtendedProviderHolder$1
Event: 45.471 loading class java/nio/charset/Charset$ExtendedProviderHolder$1 done
Event: 45.473 Thread 0x00000000627ed000 Thread added: 0x00000000627ed000
Event: 45.477 Thread 0x0000000060ff5800 DEOPT PACKING pc=0x000000000b1b8a9c sp=0x000000006223b4d0
Event: 45.477 Thread 0x0000000060ff5800 DEOPT UNPACKING pc=0x000000000a81c7c0 sp=0x000000006223a970 mode 1
Event: 45.477 Thread 0x0000000060ff5800 DEOPT PACKING pc=0x000000000b1ba0fc sp=0x000000006223b520
Event: 45.478 Thread 0x0000000060ff5800 DEOPT UNPACKING pc=0x000000000a81c7c0 sp=0x000000006223aa10 mode 1
Event: 45.479 Thread 0x00000000627ed000 Thread exited: 0x00000000627ed000
Event: 45.616 loading class sun/nio/cs/DoubleByte$Encoder
Event: 45.628 Executing VM operation: CollectForMetadataAllocation


Dynamic libraries:
0x000000013fb40000 - 0x000000013fb85000 	C:\Java\jdk-11\bin\java.exe
0x0000000076e70000 - 0x000000007701a000 	C:\Windows\SYSTEM32\ntdll.dll
0x0000000076d50000 - 0x0000000076e6f000 	C:\Windows\system32\kernel32.dll
0x000007fefcbe0000 - 0x000007fefcc4a000 	C:\Windows\system32\KERNELBASE.dll
0x0000000076c50000 - 0x0000000076d4a000 	C:\Windows\system32\USER32.dll
0x000007fefd180000 - 0x000007fefd1e7000 	C:\Windows\system32\GDI32.dll
0x000007fefd660000 - 0x000007fefd66e000 	C:\Windows\system32\LPK.dll
0x000007fefd0b0000 - 0x000007fefd17b000 	C:\Windows\system32\USP10.dll
0x000007fefd4b0000 - 0x000007fefd54f000 	C:\Windows\system32\msvcrt.dll
0x000007fefb550000 - 0x000007fefb744000 	C:\Windows\WinSxS\amd64_microsoft.windows.common-controls_6595b64144ccf1df_6.0.7601.18837_none_fa3b1e3d17594757\COMCTL32.dll
0x000007fefda40000 - 0x000007fefdab1000 	C:\Windows\system32\SHLWAPI.dll
0x000007fefdb10000 - 0x000007fefdb3e000 	C:\Windows\system32\IMM32.DLL
0x000007fefd550000 - 0x000007fefd659000 	C:\Windows\system32\MSCTF.dll
0x000007fef7170000 - 0x000007fef7173000 	C:\Windows\system32\api-ms-win-core-synch-l1-2-0.DLL
0x000007fef6cb0000 - 0x000007fef6cc6000 	C:\Java\jdk-11\bin\vcruntime140.dll
0x000007fef8590000 - 0x000007fef8594000 	C:\Java\jdk-11\bin\api-ms-win-crt-runtime-l1-1-0.dll
0x000007feec7c0000 - 0x000007feec8b6000 	C:\Java\jdk-11\bin\ucrtbase.DLL
0x000007fef6c90000 - 0x000007fef6c93000 	C:\Java\jdk-11\bin\api-ms-win-core-localization-l1-2-0.dll
0x000007fef6c80000 - 0x000007fef6c83000 	C:\Java\jdk-11\bin\api-ms-win-core-processthreads-l1-1-1.dll
0x000007fef6c70000 - 0x000007fef6c73000 	C:\Java\jdk-11\bin\api-ms-win-core-file-l1-2-0.dll
0x000007fef6c60000 - 0x000007fef6c63000 	C:\Java\jdk-11\bin\api-ms-win-core-timezone-l1-1-0.dll
0x000007feef1d0000 - 0x000007feef1d3000 	C:\Java\jdk-11\bin\api-ms-win-core-file-l2-1-0.dll
0x000007feef1c0000 - 0x000007feef1c4000 	C:\Java\jdk-11\bin\api-ms-win-crt-string-l1-1-0.dll
0x000007feee840000 - 0x000007feee843000 	C:\Java\jdk-11\bin\api-ms-win-crt-heap-l1-1-0.dll
0x000007feee830000 - 0x000007feee834000 	C:\Java\jdk-11\bin\api-ms-win-crt-stdio-l1-1-0.dll
0x000007feee820000 - 0x000007feee824000 	C:\Java\jdk-11\bin\api-ms-win-crt-convert-l1-1-0.dll
0x000007feec710000 - 0x000007feec7ba000 	C:\Java\jdk-11\bin\msvcp140.dll
0x000007feec700000 - 0x000007feec703000 	C:\Java\jdk-11\bin\api-ms-win-crt-locale-l1-1-0.dll
0x000007feec6f0000 - 0x000007feec6f5000 	C:\Java\jdk-11\bin\api-ms-win-crt-math-l1-1-0.dll
0x000007feec6e0000 - 0x000007feec6e5000 	C:\Java\jdk-11\bin\api-ms-win-crt-multibyte-l1-1-0.dll
0x000007feec6d0000 - 0x000007feec6d3000 	C:\Java\jdk-11\bin\api-ms-win-crt-time-l1-1-0.dll
0x000007feec6c0000 - 0x000007feec6c3000 	C:\Java\jdk-11\bin\api-ms-win-crt-filesystem-l1-1-0.dll
0x000007feec6b0000 - 0x000007feec6b3000 	C:\Java\jdk-11\bin\api-ms-win-crt-environment-l1-1-0.dll
0x000007feec6a0000 - 0x000007feec6a3000 	C:\Java\jdk-11\bin\api-ms-win-crt-utility-l1-1-0.dll
0x000007fedd4d0000 - 0x000007fede011000 	C:\Java\jdk-11\bin\server\jvm.dll
0x000007fefd1f0000 - 0x000007fefd2cb000 	C:\Windows\system32\ADVAPI32.dll
0x000007fefdb40000 - 0x000007fefdb5f000 	C:\Windows\SYSTEM32\sechost.dll
0x000007fefd380000 - 0x000007fefd4ad000 	C:\Windows\system32\RPCRT4.dll
0x000007fef5420000 - 0x000007fef5429000 	C:\Windows\system32\WSOCK32.dll
0x000007fefdac0000 - 0x000007fefdb0d000 	C:\Windows\system32\WS2_32.dll
0x000007fefd2f0000 - 0x000007fefd2f8000 	C:\Windows\system32\NSI.dll
0x000007fef84d0000 - 0x000007fef850b000 	C:\Windows\system32\WINMM.dll
0x000007fefbc40000 - 0x000007fefbc4c000 	C:\Windows\system32\VERSION.dll
0x0000000077040000 - 0x0000000077047000 	C:\Windows\system32\PSAPI.DLL
0x000007feec680000 - 0x000007feec691000 	C:\Java\jdk-11\bin\verify.dll
0x000007fef7200000 - 0x000007fef7325000 	C:\Windows\system32\DBGHELP.DLL
0x000007feec650000 - 0x000007feec678000 	C:\Java\jdk-11\bin\java.dll
0x000007fedfb80000 - 0x000007fedfbb7000 	C:\Java\jdk-11\bin\jdwp.dll
0x000007feec620000 - 0x000007feec64f000 	C:\Java\jdk-11\bin\instrument.dll
0x000007feec540000 - 0x000007feec556000 	C:\Java\jdk-11\bin\zip.dll
0x000007feec570000 - 0x000007feec57a000 	C:\Java\jdk-11\bin\jimage.dll
0x000007fefdce0000 - 0x000007fefea6a000 	C:\Windows\system32\SHELL32.dll
0x000007fefef80000 - 0x000007feff17c000 	C:\Windows\system32\ole32.dll
0x000007fefcb70000 - 0x000007fefcb7f000 	C:\Windows\system32\profapi.dll
0x000007fedf0c0000 - 0x000007fedf0ca000 	C:\Java\jdk-11\bin\dt_socket.dll
0x000007fefc2f0000 - 0x000007fefc345000 	C:\Windows\system32\mswsock.dll
0x000007fefbd10000 - 0x000007fefbd17000 	C:\Windows\System32\wshtcpip.dll
0x000007fedfb60000 - 0x000007fedfb79000 	C:\Java\jdk-11\bin\net.dll
0x000007fef91f0000 - 0x000007fef9261000 	C:\Windows\system32\WINHTTP.dll
0x000007fef9160000 - 0x000007fef91c5000 	C:\Windows\system32\webio.dll
0x000007fefc2e0000 - 0x000007fefc2e7000 	C:\Windows\System32\wship6.dll
0x000007fedf0d0000 - 0x000007fedf0e3000 	C:\Java\jdk-11\bin\nio.dll
0x000007fefc170000 - 0x000007fefc1cb000 	C:\Windows\system32\DNSAPI.dll
0x000007fefa3b0000 - 0x000007fefa3d7000 	C:\Windows\system32\IPHLPAPI.DLL
0x000007fefa3a0000 - 0x000007fefa3ab000 	C:\Windows\system32\WINNSI.DLL
0x000007fef51e0000 - 0x000007fef51e8000 	C:\Windows\system32\rasadhlp.dll
0x000007fefa1e0000 - 0x000007fefa233000 	C:\Windows\System32\fwpuclnt.dll
0x000007fedf0b0000 - 0x000007fedf0b9000 	C:\Java\jdk-11\bin\management.dll
0x000007fedf0a0000 - 0x000007fedf0ac000 	C:\Java\jdk-11\bin\management_ext.dll
0x000007fefc350000 - 0x000007fefc368000 	C:\Windows\system32\CRYPTSP.dll
0x000007fefc050000 - 0x000007fefc097000 	C:\Windows\system32\rsaenh.dll
0x000007fefcc60000 - 0x000007fefcc7e000 	C:\Windows\system32\USERENV.dll
0x000007fefc9c0000 - 0x000007fefc9cf000 	C:\Windows\system32\CRYPTBASE.dll
0x000007fefa1b0000 - 0x000007fefa1c1000 	C:\Windows\system32\dhcpcsvc6.DLL
0x000007fefa190000 - 0x000007fefa1a8000 	C:\Windows\system32\dhcpcsvc.DLL
0x000007fefa690000 - 0x000007fefa6a5000 	C:\Windows\system32\NLAapi.dll
0x000007fef3a00000 - 0x000007fef3a15000 	C:\Windows\system32\napinsp.dll
0x000007fef39e0000 - 0x000007fef39f9000 	C:\Windows\system32\pnrpnsp.dll
0x000007fef7de0000 - 0x000007fef7deb000 	C:\Windows\System32\winrnr.dll
0x000007fef4c20000 - 0x000007fef4c30000 	C:\Windows\system32\wshbth.dll

dbghelp: loaded successfully - version: 4.0.5 - missing functions: none
symbol engine: initialized successfully - sym options: 0x614 - pdb path: .;C:\Java\jdk-11\bin;C:\Windows\SYSTEM32;C:\Windows\WinSxS\amd64_microsoft.windows.common-controls_6595b64144ccf1df_6.0.7601.18837_none_fa3b1e3d17594757;C:\Java\jdk-11\bin\server

VM Arguments:
jvm_args: -agentlib:jdwp=transport=dt_socket,address=127.0.0.1:56668,suspend=y,server=n -XX:TieredStopAtLevel=1 -Xverify:none -Dspring.output.ansi.enabled=always -Dcom.sun.management.jmxremote -Dspring.jmx.enabled=true -Dspring.liveBeansView.mbeanDomain -Dspring.application.admin.enabled=true -javaagent:C:\Java\ideaIU-2020.1.windows\plugins\java\lib\rt\debugger-agent.jar -Dfile.encoding=UTF-8 
java_command: com.example.sweater.Application
java_class_path (initial): D:\Spring\sweater\target\classes;C:\Users\317\.m2\repository\org\springframework\boot\spring-boot-starter-web\2.2.2.RELEASE\spring-boot-starter-web-2.2.2.RELEASE.jar;C:\Users\317\.m2\repository\org\springframework\boot\spring-boot-starter\2.2.2.RELEASE\spring-boot-starter-2.2.2.RELEASE.jar;C:\Users\317\.m2\repository\org\springframework\boot\spring-boot-starter-logging\2.2.2.RELEASE\spring-boot-starter-logging-2.2.2.RELEASE.jar;C:\Users\317\.m2\repository\ch\qos\logback\logback-classic\1.2.3\logback-classic-1.2.3.jar;C:\Users\317\.m2\repository\ch\qos\logback\logback-core\1.2.3\logback-core-1.2.3.jar;C:\Users\317\.m2\repository\org\apache\logging\log4j\log4j-to-slf4j\2.12.1\log4j-to-slf4j-2.12.1.jar;C:\Users\317\.m2\repository\org\apache\logging\log4j\log4j-api\2.12.1\log4j-api-2.12.1.jar;C:\Users\317\.m2\repository\org\slf4j\jul-to-slf4j\1.7.29\jul-to-slf4j-1.7.29.jar;C:\Users\317\.m2\repository\jakarta\annotation\jakarta.annotation-api\1.3.5\jakarta.annotation-api-1.3.5.jar;C:\Users\317\.m2\repository\org\springframework\spring-core\5.2.2.RELEASE\spring-core-5.2.2.RELEASE.jar;C:\Users\317\.m2\repository\org\springframework\spring-jcl\5.2.2.RELEASE\spring-jcl-5.2.2.RELEASE.jar;C:\Users\317\.m2\repository\org\yaml\snakeyaml\1.25\snakeyaml-1.25.jar;C:\Users\317\.m2\repository\org\springframework\boot\spring-boot-starter-json\2.2.2.RELEASE\spring-boot-starter-json-2.2.2.RELEASE.jar;C:\Users\317\.m2\repository\com\fasterxml\jackson\core\jackson-databind\2.10.1\jackson-databind-2.10.1.jar;C:\Users\317\.m2\repository\com\fasterxml\jackson\core\jackson-annotations\2.10.1\jackson-annotations-2.10.1.jar;C:\Users\317\.m2\repository\com\fasterxml\jackson\core\jackson-core\2.10.1\jackson-core-2.10.1.jar;C:\Users\317\.m2\repository\com\fasterxml\jackson\datatype\jackson-datatype-jdk8\2.10.1\jackson-datatype-jdk8-2.10.1.jar;C:\Users\317\.m2\repository\com\fasterxml\jackson\datatype\jackson-datatype-jsr310\2.10.1\jackson-datatype-jsr310-2.10.1.jar;C:\
Launcher Type: SUN_STANDARD

[Global flags]
     bool BytecodeVerificationLocal                = false                                     {product} {command line}
     bool BytecodeVerificationRemote               = false                                     {product} {command line}
     intx CICompilerCount                          = 2                                         {product} {ergonomic}
     uint ConcGCThreads                            = 1                                         {product} {ergonomic}
     uint G1ConcRefinementThreads                  = 2                                         {product} {ergonomic}
   size_t G1HeapRegionSize                         = 1048576                                   {product} {ergonomic}
    uintx GCDrainStackTargetSize                   = 64                                        {product} {ergonomic}
   size_t InitialHeapSize                          = 67108864                                  {product} {ergonomic}
     bool ManagementServer                         = true                                      {product} {command line}
   size_t MarkStackSize                            = 4194304                                   {product} {ergonomic}
   size_t MaxHeapSize                              = 1044381696                                {product} {ergonomic}
   size_t MaxNewSize                               = 625999872                                 {product} {ergonomic}
   size_t MinHeapDeltaBytes                        = 1048576                                   {product} {ergonomic}
    uintx NonNMethodCodeHeapSize                   = 6396312                                {pd product} {ergonomic}
    uintx NonProfiledCodeHeapSize                  = 245261928                              {pd product} {ergonomic}
    uintx ProfiledCodeHeapSize                     = 0                                      {pd product} {ergonomic}
    uintx ReservedCodeCacheSize                    = 251658240                              {pd product} {ergonomic}
     bool SegmentedCodeCache                       = true                                      {product} {ergonomic}
     intx TieredStopAtLevel                        = 1                                         {product} {command line}
     bool UseCompressedClassPointers               = true                                 {lp64_product} {ergonomic}
     bool UseCompressedOops                        = true                                 {lp64_product} {ergonomic}
     bool UseG1GC                                  = true                                      {product} {ergonomic}
     bool UseLargePagesIndividualAllocation        = false                                  {pd product} {ergonomic}

Logging:
Log output configuration:
 #0: stdout all=warning uptime,level,tags
 #1: stderr all=off uptime,level,tags

Environment Variables:
JAVA_HOME=c:\Java\java-se-8u41-ri\
PATH=C:\Java\ideaIU-2020.1.windows\bin\;C:\Program Files (x86)\Intel\TXE Components\TCS\;C:\Program Files\Intel\TXE Components\TCS\;C:\Windows\system32;C:\Windows;C:\Windows\System32\Wbem;C:\Windows\System32\WindowsPowerShell\v1.0\;c:\Java\java-se-8u41-ri\bin\
USERNAME=317
OS=Windows_NT
PROCESSOR_IDENTIFIER=Intel64 Family 6 Model 55 Stepping 8, GenuineIntel



---------------  S Y S T E M  ---------------

OS: Windows 7 , 64 bit Build 7601 (6.1.7601.23915)

CPU:total 2 (initial active 2) (2 cores per cpu, 1 threads per core) family 6 model 55 stepping 8, cmov, cx8, fxsr, mmx, sse, sse2, sse3, ssse3, sse4.1, sse4.2, popcnt, clmul, erms, 3dnowpref, tsc, tscinvbit

Memory: 4k page, system-wide physical 3981M (139M free)
TotalPageFile size 5979M (AvailPageFile size 3M)
current process WorkingSet (physical memory assigned to process): 160M, peak: 160M
current process commit charge ("private bytes"): 206M, peak: 207M

vm_info: OpenJDK 64-Bit Server VM (11+28) for windows-amd64 JRE (11+28), built on Aug 23 2018 03:04:58 by "mach5one" with MS VC++ 15.5 (VS2017)

END.
